<?xml version="1.0" encoding="UTF-8"?>
<!-- Generated by org.testng.reporters.JUnitReportReporter -->
<testsuite hostname="DESKTOP-QNHJ5Q7" failures="0" tests="2" name="webdrivermanagervalidate.ValidatePath" time="6.680" errors="0" timestamp="2022-07-07T12:57:26 PDT" skipped="0">
  <testcase classname="webdrivermanagervalidate.ValidatePath" name="setUp" time="3.803"/>
  <system-out/>
  <testcase classname="webdrivermanagervalidate.ValidatePath" name="setUp" time="2.877"/>
  <system-out/>
</testsuite> <!-- webdrivermanagervalidate.ValidatePath -->
