<?xml version="1.0" encoding="UTF-8"?>
<!-- Generated by org.testng.reporters.JUnitReportReporter -->
<testsuite hostname="DESKTOP-QNHJ5Q7" failures="0" tests="2" name="crossBrowserTesting.HRMLoginTest" time="30.582" errors="0" timestamp="2022-07-07T12:40:30 PDT" skipped="0">
  <testcase classname="crossBrowserTesting.HRMLoginTest" name="login" time="15.253"/>
  <system-out/>
  <testcase classname="crossBrowserTesting.HRMLoginTest" name="login" time="15.329"/>
  <system-out/>
</testsuite> <!-- crossBrowserTesting.HRMLoginTest -->
